<?xml version="1.0" encoding="UTF-8"?>
<testsuite xmlns:xsi="http://www.w3.org/2001/XMLSchema-instance" xsi:noNamespaceSchemaLocation="https://maven.apache.org/surefire/maven-surefire-plugin/xsd/surefire-test-report.xsd" name="pt.uc.dei.AppTest" time="0.169" tests="1" errors="0" skipped="0" failures="0">
  <properties>
    <property name="java.specification.version" value="18"/>
    <property name="sun.jnu.encoding" value="UTF-8"/>
    <property name="java.class.path" value="/workspace/target/test-classes:/workspace/target/classes:/root/.m2/repository/org/json/json/20220924/json-20220924.jar:/root/.m2/repository/junit/junit/4.11/junit-4.11.jar:/root/.m2/repository/org/hamcrest/hamcrest-core/1.3/hamcrest-core-1.3.jar:/root/.m2/repository/org/apache/kafka/kafka-clients/3.3.1/kafka-clients-3.3.1.jar:/root/.m2/repository/com/github/luben/zstd-jni/1.5.2-1/zstd-jni-1.5.2-1.jar:/root/.m2/repository/org/lz4/lz4-java/1.8.0/lz4-java-1.8.0.jar:/root/.m2/repository/org/xerial/snappy/snappy-java/1.1.8.4/snappy-java-1.1.8.4.jar:/root/.m2/repository/org/apache/kafka/kafka-streams/3.3.1/kafka-streams-3.3.1.jar:/root/.m2/repository/org/rocksdb/rocksdbjni/6.29.4.1/rocksdbjni-6.29.4.1.jar:/root/.m2/repository/com/fasterxml/jackson/core/jackson-annotations/2.13.3/jackson-annotations-2.13.3.jar:/root/.m2/repository/com/fasterxml/jackson/core/jackson-databind/2.13.3/jackson-databind-2.13.3.jar:/root/.m2/repository/com/fasterxml/jackson/core/jackson-core/2.13.3/jackson-core-2.13.3.jar:/root/.m2/repository/org/slf4j/slf4j-api/2.0.3/slf4j-api-2.0.3.jar:/root/.m2/repository/org/slf4j/slf4j-jdk14/2.0.3/slf4j-jdk14-2.0.3.jar:/root/.m2/repository/org/postgresql/postgresql/42.5.1/postgresql-42.5.1.jar:/root/.m2/repository/org/checkerframework/checker-qual/3.5.0/checker-qual-3.5.0.jar:/root/.m2/repository/org/projectlombok/lombok/1.18.24/lombok-1.18.24.jar:/root/.m2/repository/com/googlecode/json-simple/json-simple/1.1/json-simple-1.1.jar:/root/.m2/repository/org/codehaus/jackson/jackson-core-asl/1.1.0/jackson-core-asl-1.1.0.jar:/root/.m2/repository/io/confluent/kafka-json-schema-serializer/7.3.0/kafka-json-schema-serializer-7.3.0.jar:/root/.m2/repository/io/confluent/kafka-json-schema-provider/7.3.0/kafka-json-schema-provider-7.3.0.jar:/root/.m2/repository/com/github/erosb/everit-json-schema/1.14.1/everit-json-schema-1.14.1.jar:/root/.m2/repository/commons-validator/commons-validator/1.7/commons-validator-1.7.jar:/root/.m2/repository/commons-digester/commons-digester/2.1/commons-digester-2.1.jar:/root/.m2/repository/commons-logging/commons-logging/1.2/commons-logging-1.2.jar:/root/.m2/repository/commons-collections/commons-collections/3.2.2/commons-collections-3.2.2.jar:/root/.m2/repository/com/damnhandy/handy-uri-templates/2.1.8/handy-uri-templates-2.1.8.jar:/root/.m2/repository/com/google/re2j/re2j/1.6/re2j-1.6.jar:/root/.m2/repository/com/fasterxml/jackson/datatype/jackson-datatype-guava/2.13.2/jackson-datatype-guava-2.13.2.jar:/root/.m2/repository/com/fasterxml/jackson/datatype/jackson-datatype-joda/2.13.2/jackson-datatype-joda-2.13.2.jar:/root/.m2/repository/joda-time/joda-time/2.10.8/joda-time-2.10.8.jar:/root/.m2/repository/com/fasterxml/jackson/datatype/jackson-datatype-jsr310/2.13.2/jackson-datatype-jsr310-2.13.2.jar:/root/.m2/repository/com/fasterxml/jackson/module/jackson-module-parameter-names/2.13.2/jackson-module-parameter-names-2.13.2.jar:/root/.m2/repository/com/kjetland/mbknor-jackson-jsonschema_2.13/1.0.39/mbknor-jackson-jsonschema_2.13-1.0.39.jar:/root/.m2/repository/org/scala-lang/scala-library/2.13.1/scala-library-2.13.1.jar:/root/.m2/repository/javax/validation/validation-api/2.0.1.Final/validation-api-2.0.1.Final.jar:/root/.m2/repository/io/github/classgraph/classgraph/4.8.21/classgraph-4.8.21.jar:/root/.m2/repository/org/jetbrains/kotlin/kotlin-stdlib/1.6.0/kotlin-stdlib-1.6.0.jar:/root/.m2/repository/org/jetbrains/annotations/13.0/annotations-13.0.jar:/root/.m2/repository/org/jetbrains/kotlin/kotlin-stdlib-common/1.6.0/kotlin-stdlib-common-1.6.0.jar:/root/.m2/repository/org/jetbrains/kotlin/kotlin-scripting-jvm/1.6.0/kotlin-scripting-jvm-1.6.0.jar:/root/.m2/repository/org/jetbrains/kotlin/kotlin-script-runtime/1.6.0/kotlin-script-runtime-1.6.0.jar:/root/.m2/repository/org/jetbrains/kotlin/kotlin-scripting-common/1.6.0/kotlin-scripting-common-1.6.0.jar:/root/.m2/repository/org/jetbrains/kotlin/kotlin-scripting-compiler-embeddable/1.6.0/kotlin-scripting-compiler-embeddable-1.6.0.jar:/root/.m2/repository/org/jetbrains/kotlin/kotlin-scripting-compiler-impl-embeddable/1.6.0/kotlin-scripting-compiler-impl-embeddable-1.6.0.jar:/root/.m2/repository/io/confluent/kafka-schema-serializer/7.3.0/kafka-schema-serializer-7.3.0.jar:/root/.m2/repository/io/confluent/kafka-json-serializer/7.3.0/kafka-json-serializer-7.3.0.jar:/root/.m2/repository/io/confluent/common-config/7.3.0/common-config-7.3.0.jar:/root/.m2/repository/io/confluent/kafka-schema-registry-client/7.3.0/kafka-schema-registry-client-7.3.0.jar:/root/.m2/repository/org/apache/avro/avro/1.11.0/avro-1.11.0.jar:/root/.m2/repository/org/apache/commons/commons-compress/1.21/commons-compress-1.21.jar:/root/.m2/repository/io/swagger/core/v3/swagger-annotations/2.1.10/swagger-annotations-2.1.10.jar:/root/.m2/repository/com/google/guava/guava/30.1.1-jre/guava-30.1.1-jre.jar:/root/.m2/repository/com/google/guava/failureaccess/1.0.1/failureaccess-1.0.1.jar:/root/.m2/repository/com/google/guava/listenablefuture/9999.0-empty-to-avoid-conflict-with-guava/listenablefuture-9999.0-empty-to-avoid-conflict-with-guava.jar:/root/.m2/repository/com/google/code/findbugs/jsr305/3.0.2/jsr305-3.0.2.jar:/root/.m2/repository/com/google/errorprone/error_prone_annotations/2.5.1/error_prone_annotations-2.5.1.jar:/root/.m2/repository/com/google/j2objc/j2objc-annotations/1.3/j2objc-annotations-1.3.jar:/root/.m2/repository/io/confluent/common-utils/7.3.0/common-utils-7.3.0.jar:/root/.m2/repository/org/apache/kafka/connect-json/3.3.1/connect-json-3.3.1.jar:/root/.m2/repository/org/apache/kafka/connect-api/3.3.1/connect-api-3.3.1.jar:/root/.m2/repository/javax/ws/rs/javax.ws.rs-api/2.1.1/javax.ws.rs-api-2.1.1.jar:/root/.m2/repository/com/fasterxml/jackson/datatype/jackson-datatype-jdk8/2.13.3/jackson-datatype-jdk8-2.13.3.jar:"/>
    <property name="java.vm.vendor" value="Oracle Corporation"/>
    <property name="sun.arch.data.model" value="64"/>
    <property name="java.vendor.url" value="https://java.oracle.com/"/>
    <property name="os.name" value="Linux"/>
    <property name="java.vm.specification.version" value="18"/>
    <property name="sun.java.launcher" value="SUN_STANDARD"/>
    <property name="sun.boot.library.path" value="/usr/java/openjdk-18/lib"/>
    <property name="sun.java.command" value="/workspace/target/surefire/surefirebooter15324609279452337084.jar /workspace/target/surefire 2022-12-08T00-12-32_674-jvmRun1 surefire294916216683946352tmp surefire_014260628928864124156tmp"/>
    <property name="jdk.debug" value="release"/>
    <property name="surefire.test.class.path" value="/workspace/target/test-classes:/workspace/target/classes:/root/.m2/repository/org/json/json/20220924/json-20220924.jar:/root/.m2/repository/junit/junit/4.11/junit-4.11.jar:/root/.m2/repository/org/hamcrest/hamcrest-core/1.3/hamcrest-core-1.3.jar:/root/.m2/repository/org/apache/kafka/kafka-clients/3.3.1/kafka-clients-3.3.1.jar:/root/.m2/repository/com/github/luben/zstd-jni/1.5.2-1/zstd-jni-1.5.2-1.jar:/root/.m2/repository/org/lz4/lz4-java/1.8.0/lz4-java-1.8.0.jar:/root/.m2/repository/org/xerial/snappy/snappy-java/1.1.8.4/snappy-java-1.1.8.4.jar:/root/.m2/repository/org/apache/kafka/kafka-streams/3.3.1/kafka-streams-3.3.1.jar:/root/.m2/repository/org/rocksdb/rocksdbjni/6.29.4.1/rocksdbjni-6.29.4.1.jar:/root/.m2/repository/com/fasterxml/jackson/core/jackson-annotations/2.13.3/jackson-annotations-2.13.3.jar:/root/.m2/repository/com/fasterxml/jackson/core/jackson-databind/2.13.3/jackson-databind-2.13.3.jar:/root/.m2/repository/com/fasterxml/jackson/core/jackson-core/2.13.3/jackson-core-2.13.3.jar:/root/.m2/repository/org/slf4j/slf4j-api/2.0.3/slf4j-api-2.0.3.jar:/root/.m2/repository/org/slf4j/slf4j-jdk14/2.0.3/slf4j-jdk14-2.0.3.jar:/root/.m2/repository/org/postgresql/postgresql/42.5.1/postgresql-42.5.1.jar:/root/.m2/repository/org/checkerframework/checker-qual/3.5.0/checker-qual-3.5.0.jar:/root/.m2/repository/org/projectlombok/lombok/1.18.24/lombok-1.18.24.jar:/root/.m2/repository/com/googlecode/json-simple/json-simple/1.1/json-simple-1.1.jar:/root/.m2/repository/org/codehaus/jackson/jackson-core-asl/1.1.0/jackson-core-asl-1.1.0.jar:/root/.m2/repository/io/confluent/kafka-json-schema-serializer/7.3.0/kafka-json-schema-serializer-7.3.0.jar:/root/.m2/repository/io/confluent/kafka-json-schema-provider/7.3.0/kafka-json-schema-provider-7.3.0.jar:/root/.m2/repository/com/github/erosb/everit-json-schema/1.14.1/everit-json-schema-1.14.1.jar:/root/.m2/repository/commons-validator/commons-validator/1.7/commons-validator-1.7.jar:/root/.m2/repository/commons-digester/commons-digester/2.1/commons-digester-2.1.jar:/root/.m2/repository/commons-logging/commons-logging/1.2/commons-logging-1.2.jar:/root/.m2/repository/commons-collections/commons-collections/3.2.2/commons-collections-3.2.2.jar:/root/.m2/repository/com/damnhandy/handy-uri-templates/2.1.8/handy-uri-templates-2.1.8.jar:/root/.m2/repository/com/google/re2j/re2j/1.6/re2j-1.6.jar:/root/.m2/repository/com/fasterxml/jackson/datatype/jackson-datatype-guava/2.13.2/jackson-datatype-guava-2.13.2.jar:/root/.m2/repository/com/fasterxml/jackson/datatype/jackson-datatype-joda/2.13.2/jackson-datatype-joda-2.13.2.jar:/root/.m2/repository/joda-time/joda-time/2.10.8/joda-time-2.10.8.jar:/root/.m2/repository/com/fasterxml/jackson/datatype/jackson-datatype-jsr310/2.13.2/jackson-datatype-jsr310-2.13.2.jar:/root/.m2/repository/com/fasterxml/jackson/module/jackson-module-parameter-names/2.13.2/jackson-module-parameter-names-2.13.2.jar:/root/.m2/repository/com/kjetland/mbknor-jackson-jsonschema_2.13/1.0.39/mbknor-jackson-jsonschema_2.13-1.0.39.jar:/root/.m2/repository/org/scala-lang/scala-library/2.13.1/scala-library-2.13.1.jar:/root/.m2/repository/javax/validation/validation-api/2.0.1.Final/validation-api-2.0.1.Final.jar:/root/.m2/repository/io/github/classgraph/classgraph/4.8.21/classgraph-4.8.21.jar:/root/.m2/repository/org/jetbrains/kotlin/kotlin-stdlib/1.6.0/kotlin-stdlib-1.6.0.jar:/root/.m2/repository/org/jetbrains/annotations/13.0/annotations-13.0.jar:/root/.m2/repository/org/jetbrains/kotlin/kotlin-stdlib-common/1.6.0/kotlin-stdlib-common-1.6.0.jar:/root/.m2/repository/org/jetbrains/kotlin/kotlin-scripting-jvm/1.6.0/kotlin-scripting-jvm-1.6.0.jar:/root/.m2/repository/org/jetbrains/kotlin/kotlin-script-runtime/1.6.0/kotlin-script-runtime-1.6.0.jar:/root/.m2/repository/org/jetbrains/kotlin/kotlin-scripting-common/1.6.0/kotlin-scripting-common-1.6.0.jar:/root/.m2/repository/org/jetbrains/kotlin/kotlin-scripting-compiler-embeddable/1.6.0/kotlin-scripting-compiler-embeddable-1.6.0.jar:/root/.m2/repository/org/jetbrains/kotlin/kotlin-scripting-compiler-impl-embeddable/1.6.0/kotlin-scripting-compiler-impl-embeddable-1.6.0.jar:/root/.m2/repository/io/confluent/kafka-schema-serializer/7.3.0/kafka-schema-serializer-7.3.0.jar:/root/.m2/repository/io/confluent/kafka-json-serializer/7.3.0/kafka-json-serializer-7.3.0.jar:/root/.m2/repository/io/confluent/common-config/7.3.0/common-config-7.3.0.jar:/root/.m2/repository/io/confluent/kafka-schema-registry-client/7.3.0/kafka-schema-registry-client-7.3.0.jar:/root/.m2/repository/org/apache/avro/avro/1.11.0/avro-1.11.0.jar:/root/.m2/repository/org/apache/commons/commons-compress/1.21/commons-compress-1.21.jar:/root/.m2/repository/io/swagger/core/v3/swagger-annotations/2.1.10/swagger-annotations-2.1.10.jar:/root/.m2/repository/com/google/guava/guava/30.1.1-jre/guava-30.1.1-jre.jar:/root/.m2/repository/com/google/guava/failureaccess/1.0.1/failureaccess-1.0.1.jar:/root/.m2/repository/com/google/guava/listenablefuture/9999.0-empty-to-avoid-conflict-with-guava/listenablefuture-9999.0-empty-to-avoid-conflict-with-guava.jar:/root/.m2/repository/com/google/code/findbugs/jsr305/3.0.2/jsr305-3.0.2.jar:/root/.m2/repository/com/google/errorprone/error_prone_annotations/2.5.1/error_prone_annotations-2.5.1.jar:/root/.m2/repository/com/google/j2objc/j2objc-annotations/1.3/j2objc-annotations-1.3.jar:/root/.m2/repository/io/confluent/common-utils/7.3.0/common-utils-7.3.0.jar:/root/.m2/repository/org/apache/kafka/connect-json/3.3.1/connect-json-3.3.1.jar:/root/.m2/repository/org/apache/kafka/connect-api/3.3.1/connect-api-3.3.1.jar:/root/.m2/repository/javax/ws/rs/javax.ws.rs-api/2.1.1/javax.ws.rs-api-2.1.1.jar:/root/.m2/repository/com/fasterxml/jackson/datatype/jackson-datatype-jdk8/2.13.3/jackson-datatype-jdk8-2.13.3.jar:"/>
    <property name="sun.cpu.endian" value="little"/>
    <property name="user.home" value="/root"/>
    <property name="user.language" value="en"/>
    <property name="java.specification.vendor" value="Oracle Corporation"/>
    <property name="java.version.date" value="2022-08-18"/>
    <property name="java.home" value="/usr/java/openjdk-18"/>
    <property name="file.separator" value="/"/>
    <property name="basedir" value="/workspace"/>
    <property name="java.vm.compressedOopsMode" value="Zero based"/>
    <property name="line.separator" value="&#10;"/>
    <property name="java.vm.specification.vendor" value="Oracle Corporation"/>
    <property name="java.specification.name" value="Java Platform API Specification"/>
    <property name="surefire.real.class.path" value="/workspace/target/surefire/surefirebooter15324609279452337084.jar"/>
    <property name="sun.management.compiler" value="HotSpot 64-Bit Tiered Compilers"/>
    <property name="java.runtime.version" value="18.0.2.1+1-1"/>
    <property name="user.name" value="root"/>
    <property name="path.separator" value=":"/>
    <property name="os.version" value="5.10.16.3-microsoft-standard-WSL2"/>
    <property name="java.runtime.name" value="OpenJDK Runtime Environment"/>
    <property name="file.encoding" value="UTF-8"/>
    <property name="java.vm.name" value="OpenJDK 64-Bit Server VM"/>
    <property name="localRepository" value="/root/.m2/repository"/>
    <property name="java.vendor.url.bug" value="https://bugreport.java.com/bugreport/"/>
    <property name="java.io.tmpdir" value="/tmp"/>
    <property name="java.version" value="18.0.2.1"/>
    <property name="user.dir" value="/workspace"/>
    <property name="os.arch" value="amd64"/>
    <property name="java.vm.specification.name" value="Java Virtual Machine Specification"/>
    <property name="native.encoding" value="UTF-8"/>
    <property name="java.library.path" value="/usr/java/packages/lib:/usr/lib64:/lib64:/lib:/usr/lib"/>
    <property name="java.vm.info" value="mixed mode, sharing"/>
    <property name="java.vendor" value="Oracle Corporation"/>
    <property name="java.vm.version" value="18.0.2.1+1-1"/>
    <property name="sun.io.unicode.encoding" value="UnicodeLittle"/>
    <property name="java.class.version" value="62.0"/>
  </properties>
  <testcase name="shouldAnswerWithTrue" classname="pt.uc.dei.AppTest" time="0.011"/>
</testsuite>